Vivado Simulator 2017.2
Copyright 1986-1999, 2001-2016 Xilinx, Inc. All Rights Reserved.
Running: D:/Xilinx/Vivado/2017.2/bin/unwrapped/win64.o/xelab.exe -wto a0850592d2984908bbe8ec630aecf50d --debug typical --relax --mt 2 -L xil_defaultlib -L unisims_ver -L unimacro_ver -L secureip --snapshot tb_RISC_V_behav xil_defaultlib.tb_RISC_V xil_defaultlib.glbl -log elaborate.log 
Using 2 slave threads.
Starting static elaboration
Completed static elaboration
Starting simulation data flow analysis
Completed simulation data flow analysis
Time Resolution for simulation is 1ps
Compiling module xil_defaultlib.instructionmemory
Compiling module xil_defaultlib.regfile_default
Compiling module xil_defaultlib.imm_Gen
Compiling module xil_defaultlib.mux2
Compiling module xil_defaultlib.alu
Compiling module xil_defaultlib.datamemory
Compiling module xil_defaultlib.datapath
Compiling module xil_defaultlib.Controller
Compiling module xil_defaultlib.ALUController
Compiling module xil_defaultlib.RISC_V
Compiling module xil_defaultlib.tb_RISC_V
Compiling module xil_defaultlib.glbl
Built simulation snapshot tb_RISC_V_behav
