Unable to capture context for thread 12316 in process 16444, can not generate back trace
Unable to capture context for thread 16380 in process 16444, can not generate back trace
Exception at PC 0x00007FFD17CDBB93
Printing stacktrace...

[0]  [0x00007FFD17CDBB93]
[1]  [0x00007FFD17CDBB93]
[2]  [0x00007FFD17CDB4A1]
[3]  [0x00007FFD17CDB3EF]
[4]  [0x00007FFD17CC19FE]
[5]  [0x00007FFD17CC0ED1]
[6]  [0x00007FFD17CC0D76]
[7]  [0x00007FFD17C679F6]
[8]  [0x00007FFD17C57AFB]
[9]  [0x00007FFD17D7E90A]
[10]  [0x00007FFD17D99F87]
[11]  [0x00007FFD17D9A05F]
[12] (BaseThreadInitThunk+0x14) [0x00007FFD9DD51FE4]
[13] (RtlUserThreadStart+0x21) [0x00007FFD9E05EF91]
Done
Exception at PC 0x00007FFD179E1A52
Attemped to write at address 0x00007FFD4425ABA4
Printing stacktrace...

[0]  [0x00007FFD179E1A52]
[1]  [0x00007FFD179E1A52]
[2]  [0x00007FFD179E1AD4]
[3]  [0x00007FFD17B23FF7]
[4]  [0x00007FFD17A09128]
[5]  [0x00007FFD17CBDFB9]
[6]  [0x00007FFD17E8EF23]
[7]  [0x00007FFD17D9B06B]
[8]  [0x00007FFD17D908AF]
[9]  [0x00007FFD17D90A32]
[10] (RtlDeactivateActivationContextUnsafeFast+0x1b3) [0x00007FFD9E001473]
[11] (LdrShutdownProcess+0x125) [0x00007FFD9E030695]
[12] (RtlExitUserProcess+0xb4) [0x00007FFD9E030554]
[13] (ExitProcess+0xa) [0x00007FFD9DD4F06A]
[14] (exit+0x75) [0x00007FFD9CC69B25]
[15] (initterm_e+0x21d) [0x00007FFD9CC6A16D]
[16]  [0x00000000004014CD]
[17]  [0x000000000040151B]
[18] (BaseThreadInitThunk+0x14) [0x00007FFD9DD51FE4]
[19] (RtlUserThreadStart+0x21) [0x00007FFD9E05EF91]
Done
